
07:15:20.474 [info] Loading 137 CA(s) from :otp store

07:15:20.506 [notice] Application next_ls exited: NextLS.Application.start(:normal, []) returned an error: shutdown: failed to start child: NextLS.LSPSupervisor
    ** (EXIT) shutdown: failed to start child: NextLS
        ** (EXIT) an exception was raised:
            ** (ErlangError) Erlang error: :enoent
                (elixir 1.17.2) lib/system.ex:1114: System.cmd("elixir", ["--short-version"], [])
                (next_ls 0.23.2) lib/next_ls.ex:47: NextLS.init/2
                (gen_lsp 0.10.0) lib/gen_lsp.ex:201: GenLSP.init/1
                (stdlib 6.0) proc_lib.erl:329: :proc_lib.init_p_do_apply/3

07:15:23.769 [info] Loading 137 CA(s) from :otp store

07:15:23.804 [notice] Application next_ls exited: NextLS.Application.start(:normal, []) returned an error: shutdown: failed to start child: NextLS.LSPSupervisor
    ** (EXIT) shutdown: failed to start child: NextLS
        ** (EXIT) an exception was raised:
            ** (ErlangError) Erlang error: :enoent
                (elixir 1.17.2) lib/system.ex:1114: System.cmd("elixir", ["--short-version"], [])
                (next_ls 0.23.2) lib/next_ls.ex:47: NextLS.init/2
                (gen_lsp 0.10.0) lib/gen_lsp.ex:201: GenLSP.init/1
                (stdlib 6.0) proc_lib.erl:329: :proc_lib.init_p_do_apply/3

07:15:26.887 [info] Loading 137 CA(s) from :otp store

07:15:26.907 [notice] Application next_ls exited: NextLS.Application.start(:normal, []) returned an error: shutdown: failed to start child: NextLS.LSPSupervisor
    ** (EXIT) shutdown: failed to start child: NextLS
        ** (EXIT) an exception was raised:
            ** (ErlangError) Erlang error: :enoent
                (elixir 1.17.2) lib/system.ex:1114: System.cmd("elixir", ["--short-version"], [])
                (next_ls 0.23.2) lib/next_ls.ex:47: NextLS.init/2
                (gen_lsp 0.10.0) lib/gen_lsp.ex:201: GenLSP.init/1
                (stdlib 6.0) proc_lib.erl:329: :proc_lib.init_p_do_apply/3

07:15:29.988 [info] Loading 137 CA(s) from :otp store

07:15:30.009 [notice] Application next_ls exited: NextLS.Application.start(:normal, []) returned an error: shutdown: failed to start child: NextLS.LSPSupervisor
    ** (EXIT) shutdown: failed to start child: NextLS
        ** (EXIT) an exception was raised:
            ** (ErlangError) Erlang error: :enoent
                (elixir 1.17.2) lib/system.ex:1114: System.cmd("elixir", ["--short-version"], [])
                (next_ls 0.23.2) lib/next_ls.ex:47: NextLS.init/2
                (gen_lsp 0.10.0) lib/gen_lsp.ex:201: GenLSP.init/1
                (stdlib 6.0) proc_lib.erl:329: :proc_lib.init_p_do_apply/3

07:15:33.096 [info] Loading 137 CA(s) from :otp store

07:15:33.118 [notice] Application next_ls exited: NextLS.Application.start(:normal, []) returned an error: shutdown: failed to start child: NextLS.LSPSupervisor
    ** (EXIT) shutdown: failed to start child: NextLS
        ** (EXIT) an exception was raised:
            ** (ErlangError) Erlang error: :enoent
                (elixir 1.17.2) lib/system.ex:1114: System.cmd("elixir", ["--short-version"], [])
                (next_ls 0.23.2) lib/next_ls.ex:47: NextLS.init/2
                (gen_lsp 0.10.0) lib/gen_lsp.ex:201: GenLSP.init/1
                (stdlib 6.0) proc_lib.erl:329: :proc_lib.init_p_do_apply/3

10:46:29.671 [info] Loading 137 CA(s) from :otp store

10:46:29.717 [notice] Application next_ls exited: NextLS.Application.start(:normal, []) returned an error: shutdown: failed to start child: NextLS.LSPSupervisor
    ** (EXIT) shutdown: failed to start child: NextLS
        ** (EXIT) an exception was raised:
            ** (ErlangError) Erlang error: :enoent
                (elixir 1.17.2) lib/system.ex:1114: System.cmd("elixir", ["--short-version"], [])
                (next_ls 0.23.2) lib/next_ls.ex:47: NextLS.init/2
                (gen_lsp 0.10.0) lib/gen_lsp.ex:201: GenLSP.init/1
                (stdlib 6.0) proc_lib.erl:329: :proc_lib.init_p_do_apply/3

10:46:32.978 [info] Loading 137 CA(s) from :otp store

10:46:33.013 [notice] Application next_ls exited: NextLS.Application.start(:normal, []) returned an error: shutdown: failed to start child: NextLS.LSPSupervisor
    ** (EXIT) shutdown: failed to start child: NextLS
        ** (EXIT) an exception was raised:
            ** (ErlangError) Erlang error: :enoent
                (elixir 1.17.2) lib/system.ex:1114: System.cmd("elixir", ["--short-version"], [])
                (next_ls 0.23.2) lib/next_ls.ex:47: NextLS.init/2
                (gen_lsp 0.10.0) lib/gen_lsp.ex:201: GenLSP.init/1
                (stdlib 6.0) proc_lib.erl:329: :proc_lib.init_p_do_apply/3

10:46:36.165 [info] Loading 137 CA(s) from :otp store

10:46:36.193 [notice] Application next_ls exited: NextLS.Application.start(:normal, []) returned an error: shutdown: failed to start child: NextLS.LSPSupervisor
    ** (EXIT) shutdown: failed to start child: NextLS
        ** (EXIT) an exception was raised:
            ** (ErlangError) Erlang error: :enoent
                (elixir 1.17.2) lib/system.ex:1114: System.cmd("elixir", ["--short-version"], [])
                (next_ls 0.23.2) lib/next_ls.ex:47: NextLS.init/2
                (gen_lsp 0.10.0) lib/gen_lsp.ex:201: GenLSP.init/1
                (stdlib 6.0) proc_lib.erl:329: :proc_lib.init_p_do_apply/3

10:46:39.340 [info] Loading 137 CA(s) from :otp store

10:46:39.363 [notice] Application next_ls exited: NextLS.Application.start(:normal, []) returned an error: shutdown: failed to start child: NextLS.LSPSupervisor
    ** (EXIT) shutdown: failed to start child: NextLS
        ** (EXIT) an exception was raised:
            ** (ErlangError) Erlang error: :enoent
                (elixir 1.17.2) lib/system.ex:1114: System.cmd("elixir", ["--short-version"], [])
                (next_ls 0.23.2) lib/next_ls.ex:47: NextLS.init/2
                (gen_lsp 0.10.0) lib/gen_lsp.ex:201: GenLSP.init/1
                (stdlib 6.0) proc_lib.erl:329: :proc_lib.init_p_do_apply/3

16:28:35.682 [info] Loading 137 CA(s) from :otp store

16:28:35.711 [notice] Application next_ls exited: NextLS.Application.start(:normal, []) returned an error: shutdown: failed to start child: NextLS.LSPSupervisor
    ** (EXIT) shutdown: failed to start child: NextLS
        ** (EXIT) an exception was raised:
            ** (ErlangError) Erlang error: :enoent
                (elixir 1.17.2) lib/system.ex:1114: System.cmd("elixir", ["--short-version"], [])
                (next_ls 0.23.2) lib/next_ls.ex:47: NextLS.init/2
                (gen_lsp 0.10.0) lib/gen_lsp.ex:201: GenLSP.init/1
                (stdlib 6.0) proc_lib.erl:329: :proc_lib.init_p_do_apply/3

16:28:38.989 [info] Loading 137 CA(s) from :otp store

16:28:39.027 [notice] Application next_ls exited: NextLS.Application.start(:normal, []) returned an error: shutdown: failed to start child: NextLS.LSPSupervisor
    ** (EXIT) shutdown: failed to start child: NextLS
        ** (EXIT) an exception was raised:
            ** (ErlangError) Erlang error: :enoent
                (elixir 1.17.2) lib/system.ex:1114: System.cmd("elixir", ["--short-version"], [])
                (next_ls 0.23.2) lib/next_ls.ex:47: NextLS.init/2
                (gen_lsp 0.10.0) lib/gen_lsp.ex:201: GenLSP.init/1
                (stdlib 6.0) proc_lib.erl:329: :proc_lib.init_p_do_apply/3

16:28:42.129 [info] Loading 137 CA(s) from :otp store

16:28:42.148 [notice] Application next_ls exited: NextLS.Application.start(:normal, []) returned an error: shutdown: failed to start child: NextLS.LSPSupervisor
    ** (EXIT) shutdown: failed to start child: NextLS
        ** (EXIT) an exception was raised:
            ** (ErlangError) Erlang error: :enoent
                (elixir 1.17.2) lib/system.ex:1114: System.cmd("elixir", ["--short-version"], [])
                (next_ls 0.23.2) lib/next_ls.ex:47: NextLS.init/2
                (gen_lsp 0.10.0) lib/gen_lsp.ex:201: GenLSP.init/1
                (stdlib 6.0) proc_lib.erl:329: :proc_lib.init_p_do_apply/3

16:28:45.255 [info] Loading 137 CA(s) from :otp store

16:28:45.275 [notice] Application next_ls exited: NextLS.Application.start(:normal, []) returned an error: shutdown: failed to start child: NextLS.LSPSupervisor
    ** (EXIT) shutdown: failed to start child: NextLS
        ** (EXIT) an exception was raised:
            ** (ErlangError) Erlang error: :enoent
                (elixir 1.17.2) lib/system.ex:1114: System.cmd("elixir", ["--short-version"], [])
                (next_ls 0.23.2) lib/next_ls.ex:47: NextLS.init/2
                (gen_lsp 0.10.0) lib/gen_lsp.ex:201: GenLSP.init/1
                (stdlib 6.0) proc_lib.erl:329: :proc_lib.init_p_do_apply/3

16:28:48.333 [info] Loading 137 CA(s) from :otp store

16:28:48.349 [notice] Application next_ls exited: NextLS.Application.start(:normal, []) returned an error: shutdown: failed to start child: NextLS.LSPSupervisor
    ** (EXIT) shutdown: failed to start child: NextLS
        ** (EXIT) an exception was raised:
            ** (ErlangError) Erlang error: :enoent
                (elixir 1.17.2) lib/system.ex:1114: System.cmd("elixir", ["--short-version"], [])
                (next_ls 0.23.2) lib/next_ls.ex:47: NextLS.init/2
                (gen_lsp 0.10.0) lib/gen_lsp.ex:201: GenLSP.init/1
                (stdlib 6.0) proc_lib.erl:329: :proc_lib.init_p_do_apply/3

19:12:43.265 [info] Loading 137 CA(s) from :otp store

19:12:43.292 [notice] Application next_ls exited: NextLS.Application.start(:normal, []) returned an error: shutdown: failed to start child: NextLS.LSPSupervisor
    ** (EXIT) shutdown: failed to start child: NextLS
        ** (EXIT) an exception was raised:
            ** (ErlangError) Erlang error: :enoent
                (elixir 1.17.2) lib/system.ex:1114: System.cmd("elixir", ["--short-version"], [])
                (next_ls 0.23.2) lib/next_ls.ex:47: NextLS.init/2
                (gen_lsp 0.10.0) lib/gen_lsp.ex:201: GenLSP.init/1
                (stdlib 6.0) proc_lib.erl:329: :proc_lib.init_p_do_apply/3

22:12:17.456 [info] Loading 137 CA(s) from :otp store

22:12:17.501 [notice] Application next_ls exited: NextLS.Application.start(:normal, []) returned an error: shutdown: failed to start child: NextLS.LSPSupervisor
    ** (EXIT) shutdown: failed to start child: NextLS
        ** (EXIT) an exception was raised:
            ** (ErlangError) Erlang error: :enoent
                (elixir 1.17.2) lib/system.ex:1114: System.cmd("elixir", ["--short-version"], [])
                (next_ls 0.23.2) lib/next_ls.ex:47: NextLS.init/2
                (gen_lsp 0.10.0) lib/gen_lsp.ex:201: GenLSP.init/1
                (stdlib 6.0) proc_lib.erl:329: :proc_lib.init_p_do_apply/3

22:12:20.662 [info] Loading 137 CA(s) from :otp store

22:12:20.714 [notice] Application next_ls exited: NextLS.Application.start(:normal, []) returned an error: shutdown: failed to start child: NextLS.LSPSupervisor
    ** (EXIT) shutdown: failed to start child: NextLS
        ** (EXIT) an exception was raised:
            ** (ErlangError) Erlang error: :enoent
                (elixir 1.17.2) lib/system.ex:1114: System.cmd("elixir", ["--short-version"], [])
                (next_ls 0.23.2) lib/next_ls.ex:47: NextLS.init/2
                (gen_lsp 0.10.0) lib/gen_lsp.ex:201: GenLSP.init/1
                (stdlib 6.0) proc_lib.erl:329: :proc_lib.init_p_do_apply/3

22:12:23.856 [info] Loading 137 CA(s) from :otp store

22:12:23.879 [notice] Application next_ls exited: NextLS.Application.start(:normal, []) returned an error: shutdown: failed to start child: NextLS.LSPSupervisor
    ** (EXIT) shutdown: failed to start child: NextLS
        ** (EXIT) an exception was raised:
            ** (ErlangError) Erlang error: :enoent
                (elixir 1.17.2) lib/system.ex:1114: System.cmd("elixir", ["--short-version"], [])
                (next_ls 0.23.2) lib/next_ls.ex:47: NextLS.init/2
                (gen_lsp 0.10.0) lib/gen_lsp.ex:201: GenLSP.init/1
                (stdlib 6.0) proc_lib.erl:329: :proc_lib.init_p_do_apply/3

22:12:26.995 [info] Loading 137 CA(s) from :otp store

22:12:27.016 [notice] Application next_ls exited: NextLS.Application.start(:normal, []) returned an error: shutdown: failed to start child: NextLS.LSPSupervisor
    ** (EXIT) shutdown: failed to start child: NextLS
        ** (EXIT) an exception was raised:
            ** (ErlangError) Erlang error: :enoent
                (elixir 1.17.2) lib/system.ex:1114: System.cmd("elixir", ["--short-version"], [])
                (next_ls 0.23.2) lib/next_ls.ex:47: NextLS.init/2
                (gen_lsp 0.10.0) lib/gen_lsp.ex:201: GenLSP.init/1
                (stdlib 6.0) proc_lib.erl:329: :proc_lib.init_p_do_apply/3

22:12:30.036 [info] Loading 137 CA(s) from :otp store

22:12:30.052 [notice] Application next_ls exited: NextLS.Application.start(:normal, []) returned an error: shutdown: failed to start child: NextLS.LSPSupervisor
    ** (EXIT) shutdown: failed to start child: NextLS
        ** (EXIT) an exception was raised:
            ** (ErlangError) Erlang error: :enoent
                (elixir 1.17.2) lib/system.ex:1114: System.cmd("elixir", ["--short-version"], [])
                (next_ls 0.23.2) lib/next_ls.ex:47: NextLS.init/2
                (gen_lsp 0.10.0) lib/gen_lsp.ex:201: GenLSP.init/1
                (stdlib 6.0) proc_lib.erl:329: :proc_lib.init_p_do_apply/3

06:20:01.654 [info] Loading 137 CA(s) from :otp store

06:20:01.694 [notice] Application next_ls exited: NextLS.Application.start(:normal, []) returned an error: shutdown: failed to start child: NextLS.LSPSupervisor
    ** (EXIT) shutdown: failed to start child: NextLS
        ** (EXIT) an exception was raised:
            ** (ErlangError) Erlang error: :enoent
                (elixir 1.17.2) lib/system.ex:1114: System.cmd("elixir", ["--short-version"], [])
                (next_ls 0.23.2) lib/next_ls.ex:47: NextLS.init/2
                (gen_lsp 0.10.0) lib/gen_lsp.ex:201: GenLSP.init/1
                (stdlib 6.0) proc_lib.erl:329: :proc_lib.init_p_do_apply/3

06:20:04.814 [info] Loading 137 CA(s) from :otp store

06:20:04.837 [notice] Application next_ls exited: NextLS.Application.start(:normal, []) returned an error: shutdown: failed to start child: NextLS.LSPSupervisor
    ** (EXIT) shutdown: failed to start child: NextLS
        ** (EXIT) an exception was raised:
            ** (ErlangError) Erlang error: :enoent
                (elixir 1.17.2) lib/system.ex:1114: System.cmd("elixir", ["--short-version"], [])
                (next_ls 0.23.2) lib/next_ls.ex:47: NextLS.init/2
                (gen_lsp 0.10.0) lib/gen_lsp.ex:201: GenLSP.init/1
                (stdlib 6.0) proc_lib.erl:329: :proc_lib.init_p_do_apply/3

06:20:07.960 [info] Loading 137 CA(s) from :otp store

06:20:07.986 [notice] Application next_ls exited: NextLS.Application.start(:normal, []) returned an error: shutdown: failed to start child: NextLS.LSPSupervisor
    ** (EXIT) shutdown: failed to start child: NextLS
        ** (EXIT) an exception was raised:
            ** (ErlangError) Erlang error: :enoent
                (elixir 1.17.2) lib/system.ex:1114: System.cmd("elixir", ["--short-version"], [])
                (next_ls 0.23.2) lib/next_ls.ex:47: NextLS.init/2
                (gen_lsp 0.10.0) lib/gen_lsp.ex:201: GenLSP.init/1
                (stdlib 6.0) proc_lib.erl:329: :proc_lib.init_p_do_apply/3

06:20:11.051 [info] Loading 137 CA(s) from :otp store

06:20:11.068 [notice] Application next_ls exited: NextLS.Application.start(:normal, []) returned an error: shutdown: failed to start child: NextLS.LSPSupervisor
    ** (EXIT) shutdown: failed to start child: NextLS
        ** (EXIT) an exception was raised:
            ** (ErlangError) Erlang error: :enoent
                (elixir 1.17.2) lib/system.ex:1114: System.cmd("elixir", ["--short-version"], [])
                (next_ls 0.23.2) lib/next_ls.ex:47: NextLS.init/2
                (gen_lsp 0.10.0) lib/gen_lsp.ex:201: GenLSP.init/1
                (stdlib 6.0) proc_lib.erl:329: :proc_lib.init_p_do_apply/3

06:20:14.094 [info] Loading 137 CA(s) from :otp store

06:20:14.111 [notice] Application next_ls exited: NextLS.Application.start(:normal, []) returned an error: shutdown: failed to start child: NextLS.LSPSupervisor
    ** (EXIT) shutdown: failed to start child: NextLS
        ** (EXIT) an exception was raised:
            ** (ErlangError) Erlang error: :enoent
                (elixir 1.17.2) lib/system.ex:1114: System.cmd("elixir", ["--short-version"], [])
                (next_ls 0.23.2) lib/next_ls.ex:47: NextLS.init/2
                (gen_lsp 0.10.0) lib/gen_lsp.ex:201: GenLSP.init/1
                (stdlib 6.0) proc_lib.erl:329: :proc_lib.init_p_do_apply/3

07:19:46.744 [info] Loading 137 CA(s) from :otp store

07:19:46.784 [notice] Application next_ls exited: NextLS.Application.start(:normal, []) returned an error: shutdown: failed to start child: NextLS.LSPSupervisor
    ** (EXIT) shutdown: failed to start child: NextLS
        ** (EXIT) an exception was raised:
            ** (ErlangError) Erlang error: :enoent
                (elixir 1.17.2) lib/system.ex:1114: System.cmd("elixir", ["--short-version"], [])
                (next_ls 0.23.2) lib/next_ls.ex:47: NextLS.init/2
                (gen_lsp 0.10.0) lib/gen_lsp.ex:201: GenLSP.init/1
                (stdlib 6.0) proc_lib.erl:329: :proc_lib.init_p_do_apply/3

07:19:50.095 [info] Loading 137 CA(s) from :otp store

07:19:50.137 [notice] Application next_ls exited: NextLS.Application.start(:normal, []) returned an error: shutdown: failed to start child: NextLS.LSPSupervisor
    ** (EXIT) shutdown: failed to start child: NextLS
        ** (EXIT) an exception was raised:
            ** (ErlangError) Erlang error: :enoent
                (elixir 1.17.2) lib/system.ex:1114: System.cmd("elixir", ["--short-version"], [])
                (next_ls 0.23.2) lib/next_ls.ex:47: NextLS.init/2
                (gen_lsp 0.10.0) lib/gen_lsp.ex:201: GenLSP.init/1
                (stdlib 6.0) proc_lib.erl:329: :proc_lib.init_p_do_apply/3

07:19:53.344 [info] Loading 137 CA(s) from :otp store

07:19:53.386 [notice] Application next_ls exited: NextLS.Application.start(:normal, []) returned an error: shutdown: failed to start child: NextLS.LSPSupervisor
    ** (EXIT) shutdown: failed to start child: NextLS
        ** (EXIT) an exception was raised:
            ** (ErlangError) Erlang error: :enoent
                (elixir 1.17.2) lib/system.ex:1114: System.cmd("elixir", ["--short-version"], [])
                (next_ls 0.23.2) lib/next_ls.ex:47: NextLS.init/2
                (gen_lsp 0.10.0) lib/gen_lsp.ex:201: GenLSP.init/1
                (stdlib 6.0) proc_lib.erl:329: :proc_lib.init_p_do_apply/3

07:19:56.640 [info] Loading 137 CA(s) from :otp store

07:19:56.677 [notice] Application next_ls exited: NextLS.Application.start(:normal, []) returned an error: shutdown: failed to start child: NextLS.LSPSupervisor
    ** (EXIT) shutdown: failed to start child: NextLS
        ** (EXIT) an exception was raised:
            ** (ErlangError) Erlang error: :enoent
                (elixir 1.17.2) lib/system.ex:1114: System.cmd("elixir", ["--short-version"], [])
                (next_ls 0.23.2) lib/next_ls.ex:47: NextLS.init/2
                (gen_lsp 0.10.0) lib/gen_lsp.ex:201: GenLSP.init/1
                (stdlib 6.0) proc_lib.erl:329: :proc_lib.init_p_do_apply/3

07:19:59.855 [info] Loading 137 CA(s) from :otp store

07:19:59.888 [notice] Application next_ls exited: NextLS.Application.start(:normal, []) returned an error: shutdown: failed to start child: NextLS.LSPSupervisor
    ** (EXIT) shutdown: failed to start child: NextLS
        ** (EXIT) an exception was raised:
            ** (ErlangError) Erlang error: :enoent
                (elixir 1.17.2) lib/system.ex:1114: System.cmd("elixir", ["--short-version"], [])
                (next_ls 0.23.2) lib/next_ls.ex:47: NextLS.init/2
                (gen_lsp 0.10.0) lib/gen_lsp.ex:201: GenLSP.init/1
                (stdlib 6.0) proc_lib.erl:329: :proc_lib.init_p_do_apply/3

09:51:58.914 [info] Loading 137 CA(s) from :otp store

09:51:58.960 [notice] Application next_ls exited: NextLS.Application.start(:normal, []) returned an error: shutdown: failed to start child: NextLS.LSPSupervisor
    ** (EXIT) shutdown: failed to start child: NextLS
        ** (EXIT) an exception was raised:
            ** (ErlangError) Erlang error: :enoent
                (elixir 1.17.2) lib/system.ex:1114: System.cmd("elixir", ["--short-version"], [])
                (next_ls 0.23.2) lib/next_ls.ex:47: NextLS.init/2
                (gen_lsp 0.10.0) lib/gen_lsp.ex:201: GenLSP.init/1
                (stdlib 6.0) proc_lib.erl:329: :proc_lib.init_p_do_apply/3

09:52:02.190 [info] Loading 137 CA(s) from :otp store

09:52:02.223 [notice] Application next_ls exited: NextLS.Application.start(:normal, []) returned an error: shutdown: failed to start child: NextLS.LSPSupervisor
    ** (EXIT) shutdown: failed to start child: NextLS
        ** (EXIT) an exception was raised:
            ** (ErlangError) Erlang error: :enoent
                (elixir 1.17.2) lib/system.ex:1114: System.cmd("elixir", ["--short-version"], [])
                (next_ls 0.23.2) lib/next_ls.ex:47: NextLS.init/2
                (gen_lsp 0.10.0) lib/gen_lsp.ex:201: GenLSP.init/1
                (stdlib 6.0) proc_lib.erl:329: :proc_lib.init_p_do_apply/3

09:52:05.451 [info] Loading 137 CA(s) from :otp store

09:52:05.485 [notice] Application next_ls exited: NextLS.Application.start(:normal, []) returned an error: shutdown: failed to start child: NextLS.LSPSupervisor
    ** (EXIT) shutdown: failed to start child: NextLS
        ** (EXIT) an exception was raised:
            ** (ErlangError) Erlang error: :enoent
                (elixir 1.17.2) lib/system.ex:1114: System.cmd("elixir", ["--short-version"], [])
                (next_ls 0.23.2) lib/next_ls.ex:47: NextLS.init/2
                (gen_lsp 0.10.0) lib/gen_lsp.ex:201: GenLSP.init/1
                (stdlib 6.0) proc_lib.erl:329: :proc_lib.init_p_do_apply/3

09:52:08.679 [info] Loading 137 CA(s) from :otp store

09:52:08.710 [notice] Application next_ls exited: NextLS.Application.start(:normal, []) returned an error: shutdown: failed to start child: NextLS.LSPSupervisor
    ** (EXIT) shutdown: failed to start child: NextLS
        ** (EXIT) an exception was raised:
            ** (ErlangError) Erlang error: :enoent
                (elixir 1.17.2) lib/system.ex:1114: System.cmd("elixir", ["--short-version"], [])
                (next_ls 0.23.2) lib/next_ls.ex:47: NextLS.init/2
                (gen_lsp 0.10.0) lib/gen_lsp.ex:201: GenLSP.init/1
                (stdlib 6.0) proc_lib.erl:329: :proc_lib.init_p_do_apply/3

09:52:11.878 [info] Loading 137 CA(s) from :otp store

09:52:11.905 [notice] Application next_ls exited: NextLS.Application.start(:normal, []) returned an error: shutdown: failed to start child: NextLS.LSPSupervisor
    ** (EXIT) shutdown: failed to start child: NextLS
        ** (EXIT) an exception was raised:
            ** (ErlangError) Erlang error: :enoent
                (elixir 1.17.2) lib/system.ex:1114: System.cmd("elixir", ["--short-version"], [])
                (next_ls 0.23.2) lib/next_ls.ex:47: NextLS.init/2
                (gen_lsp 0.10.0) lib/gen_lsp.ex:201: GenLSP.init/1
                (stdlib 6.0) proc_lib.erl:329: :proc_lib.init_p_do_apply/3

11:26:31.780 [info] Loading 137 CA(s) from :otp store

11:26:31.814 [notice] Application next_ls exited: NextLS.Application.start(:normal, []) returned an error: shutdown: failed to start child: NextLS.LSPSupervisor
    ** (EXIT) shutdown: failed to start child: NextLS
        ** (EXIT) an exception was raised:
            ** (ErlangError) Erlang error: :enoent
                (elixir 1.17.2) lib/system.ex:1114: System.cmd("elixir", ["--short-version"], [])
                (next_ls 0.23.2) lib/next_ls.ex:47: NextLS.init/2
                (gen_lsp 0.10.0) lib/gen_lsp.ex:201: GenLSP.init/1
                (stdlib 6.0) proc_lib.erl:329: :proc_lib.init_p_do_apply/3

11:26:34.942 [info] Loading 137 CA(s) from :otp store

11:26:34.971 [notice] Application next_ls exited: NextLS.Application.start(:normal, []) returned an error: shutdown: failed to start child: NextLS.LSPSupervisor
    ** (EXIT) shutdown: failed to start child: NextLS
        ** (EXIT) an exception was raised:
            ** (ErlangError) Erlang error: :enoent
                (elixir 1.17.2) lib/system.ex:1114: System.cmd("elixir", ["--short-version"], [])
                (next_ls 0.23.2) lib/next_ls.ex:47: NextLS.init/2
                (gen_lsp 0.10.0) lib/gen_lsp.ex:201: GenLSP.init/1
                (stdlib 6.0) proc_lib.erl:329: :proc_lib.init_p_do_apply/3

11:26:38.100 [info] Loading 137 CA(s) from :otp store

11:26:38.130 [notice] Application next_ls exited: NextLS.Application.start(:normal, []) returned an error: shutdown: failed to start child: NextLS.LSPSupervisor
    ** (EXIT) shutdown: failed to start child: NextLS
        ** (EXIT) an exception was raised:
            ** (ErlangError) Erlang error: :enoent
                (elixir 1.17.2) lib/system.ex:1114: System.cmd("elixir", ["--short-version"], [])
                (next_ls 0.23.2) lib/next_ls.ex:47: NextLS.init/2
                (gen_lsp 0.10.0) lib/gen_lsp.ex:201: GenLSP.init/1
                (stdlib 6.0) proc_lib.erl:329: :proc_lib.init_p_do_apply/3

11:26:41.221 [info] Loading 137 CA(s) from :otp store

11:26:41.244 [notice] Application next_ls exited: NextLS.Application.start(:normal, []) returned an error: shutdown: failed to start child: NextLS.LSPSupervisor
    ** (EXIT) shutdown: failed to start child: NextLS
        ** (EXIT) an exception was raised:
            ** (ErlangError) Erlang error: :enoent
                (elixir 1.17.2) lib/system.ex:1114: System.cmd("elixir", ["--short-version"], [])
                (next_ls 0.23.2) lib/next_ls.ex:47: NextLS.init/2
                (gen_lsp 0.10.0) lib/gen_lsp.ex:201: GenLSP.init/1
                (stdlib 6.0) proc_lib.erl:329: :proc_lib.init_p_do_apply/3

11:26:44.298 [info] Loading 137 CA(s) from :otp store

11:26:44.315 [notice] Application next_ls exited: NextLS.Application.start(:normal, []) returned an error: shutdown: failed to start child: NextLS.LSPSupervisor
    ** (EXIT) shutdown: failed to start child: NextLS
        ** (EXIT) an exception was raised:
            ** (ErlangError) Erlang error: :enoent
                (elixir 1.17.2) lib/system.ex:1114: System.cmd("elixir", ["--short-version"], [])
                (next_ls 0.23.2) lib/next_ls.ex:47: NextLS.init/2
                (gen_lsp 0.10.0) lib/gen_lsp.ex:201: GenLSP.init/1
                (stdlib 6.0) proc_lib.erl:329: :proc_lib.init_p_do_apply/3
